Построение начато 06.09.2022 22:05:38.
     1>Проект "C:\Users\79374\Desktop\Projects\lab115\lab115\lab115.vcxproj" в узле 2 (целевые объекты build).
     1>InitializeBuildStatus:
         Создание "Debug\lab115.unsuccessfulbuild", так как было задано "AlwaysCreate".
       ClCompile:
         E:\2010\VC\bin\CL.exe /c /ZI /nologo /W3 /WX- /Od /Oy- /D WIN32 /D _DEBUG /D _CONSOLE /D _UNICODE /D UNICODE /Gm /EHsc /RTC1 /MDd /GS /fp:precise /Zc:wchar_t /Zc:forScope /Fo"Debug\\" /Fd"Debug\vc100.pdb" /Gd /TP /analyze- /errorReport:prompt filtr.cpp
         filtr.cpp
     1>c:\users\79374\desktop\projects\lab115\lab115\filtr.cpp(39): warning C4715: filtr: значение возвращается не при всех путях выполнения
       ManifestResourceCompile:
         Для всех выходных данных обновления не требуется.
       Link:
         E:\2010\VC\bin\link.exe /ERRORREPORT:PROMPT /OUT:"C:\Users\79374\Desktop\Projects\lab115\Debug\lab115.exe" /INCREMENTAL /NOLOGO kernel32.lib user32.lib gdi32.lib winspool.lib comdlg32.lib advapi32.lib shell32.lib ole32.lib oleaut32.lib uuid.lib odbc32.lib odbccp32.lib /MANIFEST /ManifestFile:"Debug\lab115.exe.intermediate.manifest" /MANIFESTUAC:"level='asInvoker' uiAccess='false'" /DEBUG /PDB:"C:\Users\79374\Desktop\Projects\lab115\Debug\lab115.pdb" /SUBSYSTEM:CONSOLE /TLBID:1 /DYNAMICBASE /NXCOMPAT /IMPLIB:"C:\Users\79374\Desktop\Projects\lab115\Debug\lab115.lib" /MACHINE:X86 Debug\lab115.exe.embed.manifest.res
         Debug\add.obj
         Debug\chistka.obj
         Debug\filtr.obj
         Debug\lab115.obj
         Debug\poisk.obj
         Debug\pokaz.obj
         Debug\stdafx.obj
       Manifest:
         C:\Program Files (x86)\Microsoft SDKs\Windows\v7.0A\bin\mt.exe /nologo /verbose /out:"Debug\lab115.exe.embed.manifest" /manifest Debug\lab115.exe.intermediate.manifest
         Для всех выходных данных обновления не требуется.
       LinkEmbedManifest:
         Для всех выходных данных обновления не требуется.
         lab115.vcxproj -> C:\Users\79374\Desktop\Projects\lab115\Debug\lab115.exe
       FinalizeBuildStatus:
         Файл "Debug\lab115.unsuccessfulbuild" удаляется.
         Обращение к "Debug\lab115.lastbuildstate".
     1>Построение проекта "C:\Users\79374\Desktop\Projects\lab115\lab115\lab115.vcxproj" завершено (целевые объекты build).

Построение успешно завершено.

Затраченное время: 00:00:00.80
